<?xml version="1.0" encoding="UTF-8"?>
<!-- Generated by org.testng.reporters.JUnitReportReporter -->
<testsuite hostname="tuf" failures="0" tests="1" name="testngpkg.Jarrrtestreport" time="2.832" errors="0" timestamp="2024-10-30T15:26:39 IST" skipped="0">
  <testcase classname="testngpkg.Jarrrtestreport" name="fbtitleverification" time="2.832"/>
  <system-out/>
</testsuite> <!-- testngpkg.Jarrrtestreport -->
