<?xml version="1.0" encoding="UTF-8"?>
<!-- Generated by org.testng.reporters.JUnitReportReporter -->
<testsuite hostname="tuf" failures="0" tests="1" name="testngpkg.Createpagetest" time="5.056" errors="0" timestamp="2024-10-31T15:48:24 IST" skipped="0">
  <testcase classname="testngpkg.Createpagetest" name="testerr" time="5.056"/>
  <system-out/>
</testsuite> <!-- testngpkg.Createpagetest -->
