<?xml version="1.0" encoding="UTF-8"?>
<!-- Generated by org.testng.reporters.JUnitReportReporter -->
<testsuite hostname="tuf" failures="0" tests="1" name="testngpkg.Prameterisation" time="0.019" errors="0" timestamp="2024-10-22T13:56:59 IST" skipped="0">
  <testcase classname="testngpkg.Prameterisation" name="set" time="0.019"/>
  <system-out/>
</testsuite> <!-- testngpkg.Prameterisation -->
