<?xml version="1.0" encoding="UTF-8"?>
<!-- Generated by org.testng.reporters.JUnitReportReporter -->
<testsuite hostname="tuf" failures="0" tests="1" name="testngpkg.Windowhandledetails" time="4.584" errors="0" timestamp="2024-11-06T14:14:53 IST" skipped="0">
  <testcase classname="testngpkg.Windowhandledetails" name="test" time="4.584"/>
  <system-out/>
</testsuite> <!-- testngpkg.Windowhandledetails -->
