<?xml version="1.0" encoding="UTF-8"?>
<!-- Generated by org.testng.reporters.JUnitReportReporter -->
<testsuite hostname="tuf" failures="0" tests="1" name="testngpkg.Fblogintest" time="0.181" errors="0" timestamp="2024-10-31T14:43:53 IST" skipped="0">
  <testcase classname="testngpkg.Fblogintest" name="testlogin" time="0.181"/>
  <system-out/>
</testsuite> <!-- testngpkg.Fblogintest -->
