<?xml version="1.0" encoding="UTF-8"?>
<!-- Generated by org.testng.reporters.JUnitReportReporter -->
<testsuite hostname="tuf" failures="0" tests="1" name="testngpkg.Fileupload" time="0.527" errors="0" timestamp="2024-10-25T14:53:58 IST" skipped="0">
  <testcase classname="testngpkg.Fileupload" name="Filer" time="0.527"/>
  <system-out/>
</testsuite> <!-- testngpkg.Fileupload -->
