<?xml version="1.0" encoding="UTF-8"?>
<!-- Generated by org.testng.reporters.JUnitReportReporter -->
<testsuite hostname="tuf" failures="0" tests="1" name="testngpkg.Siteclass" time="2.503" errors="0" timestamp="2024-10-23T15:25:37 IST" skipped="0">
  <testcase classname="testngpkg.Siteclass" name="testt" time="2.503"/>
  <system-out/>
</testsuite> <!-- testngpkg.Siteclass -->
