<?xml version="1.0" encoding="UTF-8"?>
<!-- Generated by org.testng.reporters.JUnitReportReporter -->
<testsuite hostname="tuf" failures="0" tests="1" name="testngpkg.Draganddrop" time="1.134" errors="0" timestamp="2024-10-24T15:10:24 IST" skipped="0">
  <testcase classname="testngpkg.Draganddrop" name="drag" time="1.134"/>
  <system-out/>
</testsuite> <!-- testngpkg.Draganddrop -->
