<?xml version="1.0" encoding="UTF-8"?>
<!-- Generated by org.testng.reporters.JUnitReportReporter -->
<testsuite hostname="tuf" failures="0" tests="1" name="testngpkg.Robotic" time="5.397" errors="0" timestamp="2024-10-25T15:19:39 IST" skipped="0">
  <testcase classname="testngpkg.Robotic" name="test" time="5.397"/>
  <system-out/>
</testsuite> <!-- testngpkg.Robotic -->
