<?xml version="1.0" encoding="UTF-8"?>
<!-- Generated by org.testng.reporters.JUnitReportReporter -->
<testsuite hostname="tuf" failures="0" tests="1" name="testngpkg.Keralapptypoibin" time="4.438" errors="0" timestamp="2024-10-29T13:34:50 IST" skipped="0">
  <testcase classname="testngpkg.Keralapptypoibin" name="login" time="4.438"/>
  <system-out/>
</testsuite> <!-- testngpkg.Keralapptypoibin -->
