<?xml version="1.0" encoding="UTF-8"?>
<!-- Generated by org.testng.reporters.JUnitReportReporter -->
<testsuite hostname="tuf" failures="0" tests="2" name="testngpkg.Crossbrowsing" time="4.147" errors="0" timestamp="2024-10-22T15:20:01 IST" skipped="0">
  <testcase classname="testngpkg.Crossbrowsing" name="lTest" time="2.107"/>
  <system-out/>
  <testcase classname="testngpkg.Crossbrowsing" name="lTest" time="2.040"/>
  <system-out/>
</testsuite> <!-- testngpkg.Crossbrowsing -->
