<?xml version="1.0" encoding="UTF-8"?>
<!-- Generated by org.testng.reporters.JUnitReportReporter -->
<testsuite hostname="tuf" failures="0" tests="1" name="testngpkg.Keralaproperty" time="2.447" errors="0" timestamp="2024-10-28T14:12:55 IST" skipped="0">
  <testcase classname="testngpkg.Keralaproperty" name="keraa" time="2.447"/>
  <system-out/>
</testsuite> <!-- testngpkg.Keralaproperty -->
