<?xml version="1.0" encoding="UTF-8"?>
<!-- Generated by org.testng.reporters.JUnitReportReporter -->
<testsuite hostname="tuf" failures="0" tests="6" name="testngpkg.Testngdemo" time="0.014" errors="0" timestamp="2024-10-18T15:07:56 IST" skipped="1">
  <testcase classname="testngpkg.Testngdemo" name="test1" time="0.002"/>
  <system-out/>
  <testcase classname="testngpkg.Testngdemo" name="test1" time="0.001"/>
  <system-out/>
  <testcase classname="testngpkg.Testngdemo" name="test1" time="0.001"/>
  <system-out/>
  <testcase classname="testngpkg.Testngdemo" name="test4" time="0.009"/>
  <system-out/>
  <testcase classname="testngpkg.Testngdemo" name="test2" time="0.001"/>
  <system-out/>
  <testcase classname="testngpkg.Testngdemo" name="test3">
    <skipped/>
  </testcase> <!-- test3 -->
  <system-out/>
</testsuite> <!-- testngpkg.Testngdemo -->
