<?xml version="1.0" encoding="UTF-8"?>
<!-- Generated by org.testng.reporters.JUnitReportReporter -->
<testsuite hostname="tuf" failures="0" tests="1" name="testngpkg.Ebaymousehover" time="4.369" errors="0" timestamp="2024-10-24T14:32:21 IST" skipped="0">
  <testcase classname="testngpkg.Ebaymousehover" name="hovTest" time="4.369"/>
  <system-out/>
</testsuite> <!-- testngpkg.Ebaymousehover -->
