<?xml version="1.0" encoding="UTF-8"?>
<!-- Generated by org.testng.reporters.JUnitReportReporter -->
<testsuite hostname="tuf" failures="0" tests="2" name="testngpkg.Paraface" time="4.042" errors="0" timestamp="2024-11-05T15:10:46 IST" skipped="0">
  <testcase classname="testngpkg.Paraface" name="settestt" time="2.714"/>
  <system-out/>
  <testcase classname="testngpkg.Paraface" name="setest" time="1.328"/>
  <system-out/>
</testsuite> <!-- testngpkg.Paraface -->
