<?xml version="1.0" encoding="UTF-8"?>
<!-- Generated by org.testng.reporters.JUnitReportReporter -->
<testsuite hostname="tuf" failures="0" tests="1" name="testngpkg.Datepickerrrrr" time="1.176" errors="0" timestamp="2024-10-29T14:57:39 IST" skipped="0">
  <testcase classname="testngpkg.Datepickerrrrr" name="datepicker" time="1.176"/>
  <system-out/>
</testsuite> <!-- testngpkg.Datepickerrrrr -->
