<?xml version="1.0" encoding="UTF-8"?>
<!-- Generated by org.testng.reporters.JUnitReportReporter -->
<testsuite hostname="tuf" failures="0" tests="1" name="testngpkg.Amazonwindowhandles" time="17.248" errors="0" timestamp="2024-11-06T14:57:46 IST" skipped="0">
  <testcase classname="testngpkg.Amazonwindowhandles" name="ama" time="17.248"/>
  <system-out/>
</testsuite> <!-- testngpkg.Amazonwindowhandles -->
