<?xml version="1.0" encoding="UTF-8"?>
<!-- Generated by org.testng.reporters.JUnitReportReporter -->
<testsuite hostname="tuf" failures="0" tests="1" name="testngpkg.Autooooo" time="7.194" errors="0" timestamp="2024-10-25T16:15:58 IST" skipped="0">
  <testcase classname="testngpkg.Autooooo" name="autor" time="7.194"/>
  <system-out/>
</testsuite> <!-- testngpkg.Autooooo -->
