<?xml version="1.0" encoding="UTF-8"?>
<!-- Generated by org.testng.reporters.JUnitReportReporter -->
<testsuite hostname="tuf" failures="0" tests="1" name="testngpkg.ExtentReport" time="1.417" errors="0" timestamp="2024-10-30T18:59:14 IST" skipped="0">
  <testcase classname="testngpkg.ExtentReport" name="fbtitleverification" time="1.417"/>
  <system-out/>
</testsuite> <!-- testngpkg.ExtentReport -->
